2025/05/27 15:41:18 Файл кукі знайдено
2025/05/27 15:41:21 yt-dlp error (YouTube): exit status 1
Output: [youtube] Extracting URL: https://www.youtube.com/shorts/EXoXRM211hIds
[youtube] EXoXRM211hI: Downloading webpage
[youtube] EXoXRM211hI: Downloading tv client config
[youtube] EXoXRM211hI: Downloading player 59b252b9-main
[youtube] EXoXRM211hI: Downloading tv player API JSON
WARNING: [youtube] EXoXRM211hI: nsig extraction failed: Some formats may be missing
         n = hHZ3W4Am8y9toRelF1sF ; player = https://www.youtube.com/s/player/59b252b9/player_ias.vflset/en_US/base.js
         Please report this issue on  https://github.com/yt-dlp/yt-dlp/issues?q= , filling out the appropriate issue template. Confirm you are on the latest version using  yt-dlp -U
WARNING: [youtube] EXoXRM211hI: nsig extraction failed: Some formats may be missing
         n = rdReDeDX7yWMUS-Wcygp ; player = https://www.youtube.com/s/player/59b252b9/player_ias.vflset/en_US/base.js
         Please report this issue on  https://github.com/yt-dlp/yt-dlp/issues?q= , filling out the appropriate issue template. Confirm you are on the latest version using  yt-dlp -U
WARNING: [youtube] EXoXRM211hI: nsig extraction failed: Some formats may be missing
         n = oEeSZNE9yKhsjfw5eiz4 ; player = https://www.youtube.com/s/player/59b252b9/player_ias.vflset/en_US/base.js
         Please report this issue on  https://github.com/yt-dlp/yt-dlp/issues?q= , filling out the appropriate issue template. Confirm you are on the latest version using  yt-dlp -U
WARNING: [youtube] EXoXRM211hI: nsig extraction failed: Some formats may be missing
         n = Vk89nXQM4uiKDHFSDuLW ; player = https://www.youtube.com/s/player/59b252b9/player_ias.vflset/en_US/base.js
         Please report this issue on  https://github.com/yt-dlp/yt-dlp/issues?q= , filling out the appropriate issue template. Confirm you are on the latest version using  yt-dlp -U
WARNING: Only images are available for download. use --list-formats to see them
ERROR: [youtube] EXoXRM211hI: Requested format is not available. Use --list-formats for a list of available formats
2025/05/27 15:41:21 Спроба 1 завантаження (YouTube) не вдалася: exit status 1
2025/05/27 15:41:31 Файл кукі знайдено
2025/05/27 15:41:34 yt-dlp error (YouTube): exit status 1
Output: [youtube] Extracting URL: https://www.youtube.com/shorts/EXoXRM211hIds
[youtube] EXoXRM211hI: Downloading webpage
[youtube] EXoXRM211hI: Downloading tv client config
[youtube] EXoXRM211hI: Downloading player 59b252b9-main
[youtube] EXoXRM211hI: Downloading tv player API JSON
WARNING: [youtube] EXoXRM211hI: nsig extraction failed: Some formats may be missing
         n = KZzkpseex3_et004IK9b ; player = https://www.youtube.com/s/player/59b252b9/player_ias.vflset/en_US/base.js
         Please report this issue on  https://github.com/yt-dlp/yt-dlp/issues?q= , filling out the appropriate issue template. Confirm you are on the latest version using  yt-dlp -U
WARNING: [youtube] EXoXRM211hI: nsig extraction failed: Some formats may be missing
         n = OL5lAMxFbvJ7jcZaAth- ; player = https://www.youtube.com/s/player/59b252b9/player_ias.vflset/en_US/base.js
         Please report this issue on  https://github.com/yt-dlp/yt-dlp/issues?q= , filling out the appropriate issue template. Confirm you are on the latest version using  yt-dlp -U
WARNING: [youtube] EXoXRM211hI: nsig extraction failed: Some formats may be missing
         n = qTuMWpSSsceXTcxsph0_ ; player = https://www.youtube.com/s/player/59b252b9/player_ias.vflset/en_US/base.js
         Please report this issue on  https://github.com/yt-dlp/yt-dlp/issues?q= , filling out the appropriate issue template. Confirm you are on the latest version using  yt-dlp -U
WARNING: [youtube] EXoXRM211hI: nsig extraction failed: Some formats may be missing
         n = AN0wFDhgGfHVXK5QH_Yb ; player = https://www.youtube.com/s/player/59b252b9/player_ias.vflset/en_US/base.js
         Please report this issue on  https://github.com/yt-dlp/yt-dlp/issues?q= , filling out the appropriate issue template. Confirm you are on the latest version using  yt-dlp -U
WARNING: Only images are available for download. use --list-formats to see them
ERROR: [youtube] EXoXRM211hI: Requested format is not available. Use --list-formats for a list of available formats
2025/05/27 15:41:34 Спроба 2 завантаження (YouTube) не вдалася: exit status 1
2025/05/27 15:41:44 Файл кукі знайдено
2025/05/27 15:41:47 yt-dlp error (YouTube): exit status 1
Output: [youtube] Extracting URL: https://www.youtube.com/shorts/EXoXRM211hIds
[youtube] EXoXRM211hI: Downloading webpage
[youtube] EXoXRM211hI: Downloading tv client config
[youtube] EXoXRM211hI: Downloading player 59b252b9-main
[youtube] EXoXRM211hI: Downloading tv player API JSON
WARNING: [youtube] EXoXRM211hI: nsig extraction failed: Some formats may be missing
         n = 9GIakb9bc5w0zcKRVA_1 ; player = https://www.youtube.com/s/player/59b252b9/player_ias.vflset/en_US/base.js
         Please report this issue on  https://github.com/yt-dlp/yt-dlp/issues?q= , filling out the appropriate issue template. Confirm you are on the latest version using  yt-dlp -U
WARNING: [youtube] EXoXRM211hI: nsig extraction failed: Some formats may be missing
         n = ryW7l0Ll6AbfOpyL7-3s ; player = https://www.youtube.com/s/player/59b252b9/player_ias.vflset/en_US/base.js
         Please report this issue on  https://github.com/yt-dlp/yt-dlp/issues?q= , filling out the appropriate issue template. Confirm you are on the latest version using  yt-dlp -U
WARNING: [youtube] EXoXRM211hI: nsig extraction failed: Some formats may be missing
         n = -tVEHFjlqp1aLAZ4RN1n ; player = https://www.youtube.com/s/player/59b252b9/player_ias.vflset/en_US/base.js
         Please report this issue on  https://github.com/yt-dlp/yt-dlp/issues?q= , filling out the appropriate issue template. Confirm you are on the latest version using  yt-dlp -U
WARNING: [youtube] EXoXRM211hI: nsig extraction failed: Some formats may be missing
         n = VGxtuEKh8W7kRmzxE6Hs ; player = https://www.youtube.com/s/player/59b252b9/player_ias.vflset/en_US/base.js
         Please report this issue on  https://github.com/yt-dlp/yt-dlp/issues?q= , filling out the appropriate issue template. Confirm you are on the latest version using  yt-dlp -U
WARNING: Only images are available for download. use --list-formats to see them
ERROR: [youtube] EXoXRM211hI: Requested format is not available. Use --list-formats for a list of available formats
2025/05/27 15:41:47 Спроба 3 завантаження (YouTube) не вдалася: exit status 1
2025/05/27 15:41:47 Не вдалося завантажити відео після 3 спроб (YouTube): exit status 1
2025/05/27 15:42:03 yt-dlp download successful for https://vm.tiktok.com/ZMS2bjtdg/
2025/05/27 15:43:55 yt-dlp download successful for https://vm.tiktok.com/ZMS2bjtdg/
2025/05/27 15:44:37 yt-dlp download successful for https://www.instagram.com/reel/DJ-GDs7R4It/?igsh=dXI1ZTlvd2Z5aXhk
2025/05/27 16:49:44 yt-dlp error (TikTok): exit status 1
Output: [vm.tiktok] Extracting URL: https://vm.tiktok.com/ZMSj7Lqm8/
[vm.tiktok] ZMSj7Lqm8: Downloading webpage
[generic] Extracting URL: https://www.tiktok.com/@hhiroka/photo/7487232863734222123?_d=secCgYIASAHKAESPgo8VfVjkpAOW4FKfaZkY...roid&utm_source=copy
[generic] 7487232863734222123?_d=secCgYIASAHKAESPgo8VfVjkpAOW4FKfaZkYn8a8KGaEWE0rHXys0jVpHdMUuUHU68esSaQsOl3+PLLTU3yNBUJcmpbiubBVMr+GgA=&_r=1&_svg=1&aweme_type=150&checksum=2fc94d61aa11cdd1c64809d4b8a9f5808542c770d4eab79b6e70483020af5f95&cover_exp=v1&link_reflow_popup_iteration_sharer={"click_empty_to_play":1,"dynamic_cover":1,"follow_to_play_duration":-1: Downloading webpage
WARNING: [generic] Falling back on generic information extractor
[generic] 7487232863734222123?_d=secCgYIASAHKAESPgo8VfVjkpAOW4FKfaZkYn8a8KGaEWE0rHXys0jVpHdMUuUHU68esSaQsOl3+PLLTU3yNBUJcmpbiubBVMr+GgA=&_r=1&_svg=1&aweme_type=150&checksum=2fc94d61aa11cdd1c64809d4b8a9f5808542c770d4eab79b6e70483020af5f95&cover_exp=v1&link_reflow_popup_iteration_sharer={"click_empty_to_play":1,"dynamic_cover":1,"follow_to_play_duration":-1: Extracting information
ERROR: Unsupported URL: https://www.tiktok.com/@hhiroka/photo/7487232863734222123?_d=secCgYIASAHKAESPgo8VfVjkpAOW4FKfaZkYn8a8KGaEWE0rHXys0jVpHdMUuUHU68esSaQsOl3%2BPLLTU3yNBUJcmpbiubBVMr%2BGgA%3D&_r=1&_svg=1&aweme_type=150&checksum=2fc94d61aa11cdd1c64809d4b8a9f5808542c770d4eab79b6e70483020af5f95&cover_exp=v1&link_reflow_popup_iteration_sharer=%7B%22click_empty_to_play%22%3A1%2C%22dynamic_cover%22%3A1%2C%22follow_to_play_duration%22%3A-1.0%2C%22profile_clickable%22%3A1%7D&pic_cnt=6&preview_pb=0&sec_user_id=MS4wLjABAAAAWynYCXl4i0UtAzB1wcgS1jSHUB0nMtH2oRCtkFzhmfqXS_KF4E7GQJcuA_8NC9wF&share_app_id=1233&share_item_id=7487232863734222123&share_link_id=5bc35f20-8a9d-4047-8997-878ebea0fc06&share_scene=11&sharer_language=uk&social_share_type=14&source=h5_m&timestamp=1748343049&u_code=ek2d112jg7bbf4&ug_btm=b2001&ug_photo_idx=1&ugbiz_name=UNKNOWN&user_id=7497247609103614982&utm_campaign=client_share&utm_medium=android&utm_source=copy
2025/05/27 16:49:44 Намагаємось завантажити з gallery-dl TikTok URL https://vm.tiktok.com/ZMSj7Lqm8/ через помилку yt-dlp : exit status 1
2025/05/27 16:49:44 gallery-dl error (TikTok): exec: "gallery-dl": executable file not found in $PATH
Stderr: 
2025/05/27 16:49:44 Спроба 1 завантаження (TikTok) не вдалася: gallery-dl failed after yt-dlp error: gallery-dl failed for TikTok: exec: "gallery-dl": executable file not found in $PATH
2025/05/27 16:49:57 yt-dlp error (TikTok): exit status 1
Output: [vm.tiktok] Extracting URL: https://vm.tiktok.com/ZMSj7Lqm8/
[vm.tiktok] ZMSj7Lqm8: Downloading webpage
[generic] Extracting URL: https://www.tiktok.com/@hhiroka/photo/7487232863734222123?_d=secCgYIASAHKAESPgo8VfVjkpAOW4FKfaZkY...roid&utm_source=copy
[generic] 7487232863734222123?_d=secCgYIASAHKAESPgo8VfVjkpAOW4FKfaZkYn8a8KGaEWE0rHXys0jVpHdMUuUHU68esSaQsOl3+PLLTU3yNBUJcmpbiubBVMr+GgA=&_r=1&_svg=1&aweme_type=150&checksum=2fc94d61aa11cdd1c64809d4b8a9f5808542c770d4eab79b6e70483020af5f95&cover_exp=v1&link_reflow_popup_iteration_sharer={"click_empty_to_play":1,"dynamic_cover":1,"follow_to_play_duration":-1: Downloading webpage
WARNING: [generic] Falling back on generic information extractor
[generic] 7487232863734222123?_d=secCgYIASAHKAESPgo8VfVjkpAOW4FKfaZkYn8a8KGaEWE0rHXys0jVpHdMUuUHU68esSaQsOl3+PLLTU3yNBUJcmpbiubBVMr+GgA=&_r=1&_svg=1&aweme_type=150&checksum=2fc94d61aa11cdd1c64809d4b8a9f5808542c770d4eab79b6e70483020af5f95&cover_exp=v1&link_reflow_popup_iteration_sharer={"click_empty_to_play":1,"dynamic_cover":1,"follow_to_play_duration":-1: Extracting information
ERROR: Unsupported URL: https://www.tiktok.com/@hhiroka/photo/7487232863734222123?_d=secCgYIASAHKAESPgo8VfVjkpAOW4FKfaZkYn8a8KGaEWE0rHXys0jVpHdMUuUHU68esSaQsOl3%2BPLLTU3yNBUJcmpbiubBVMr%2BGgA%3D&_r=1&_svg=1&aweme_type=150&checksum=2fc94d61aa11cdd1c64809d4b8a9f5808542c770d4eab79b6e70483020af5f95&cover_exp=v1&link_reflow_popup_iteration_sharer=%7B%22click_empty_to_play%22%3A1%2C%22dynamic_cover%22%3A1%2C%22follow_to_play_duration%22%3A-1.0%2C%22profile_clickable%22%3A1%7D&pic_cnt=6&preview_pb=0&sec_user_id=MS4wLjABAAAAWynYCXl4i0UtAzB1wcgS1jSHUB0nMtH2oRCtkFzhmfqXS_KF4E7GQJcuA_8NC9wF&share_app_id=1233&share_item_id=7487232863734222123&share_link_id=5bc35f20-8a9d-4047-8997-878ebea0fc06&share_scene=11&sharer_language=uk&social_share_type=14&source=h5_m&timestamp=1748343049&u_code=ek2d112jg7bbf4&ug_btm=b2001&ug_photo_idx=1&ugbiz_name=UNKNOWN&user_id=7497247609103614982&utm_campaign=client_share&utm_medium=android&utm_source=copy
2025/05/27 16:49:57 Намагаємось завантажити з gallery-dl TikTok URL https://vm.tiktok.com/ZMSj7Lqm8/ через помилку yt-dlp : exit status 1
2025/05/27 16:49:57 gallery-dl error (TikTok): exec: "gallery-dl": executable file not found in $PATH
Stderr: 
2025/05/27 16:49:57 Спроба 2 завантаження (TikTok) не вдалася: gallery-dl failed after yt-dlp error: gallery-dl failed for TikTok: exec: "gallery-dl": executable file not found in $PATH
2025/05/27 16:50:10 yt-dlp error (TikTok): exit status 1
Output: [vm.tiktok] Extracting URL: https://vm.tiktok.com/ZMSj7Lqm8/
[vm.tiktok] ZMSj7Lqm8: Downloading webpage
[generic] Extracting URL: https://www.tiktok.com/@hhiroka/photo/7487232863734222123?_d=secCgYIASAHKAESPgo8VfVjkpAOW4FKfaZkY...roid&utm_source=copy
[generic] 7487232863734222123?_d=secCgYIASAHKAESPgo8VfVjkpAOW4FKfaZkYn8a8KGaEWE0rHXys0jVpHdMUuUHU68esSaQsOl3+PLLTU3yNBUJcmpbiubBVMr+GgA=&_r=1&_svg=1&aweme_type=150&checksum=2fc94d61aa11cdd1c64809d4b8a9f5808542c770d4eab79b6e70483020af5f95&cover_exp=v1&link_reflow_popup_iteration_sharer={"click_empty_to_play":1,"dynamic_cover":1,"follow_to_play_duration":-1: Downloading webpage
WARNING: [generic] Falling back on generic information extractor
[generic] 7487232863734222123?_d=secCgYIASAHKAESPgo8VfVjkpAOW4FKfaZkYn8a8KGaEWE0rHXys0jVpHdMUuUHU68esSaQsOl3+PLLTU3yNBUJcmpbiubBVMr+GgA=&_r=1&_svg=1&aweme_type=150&checksum=2fc94d61aa11cdd1c64809d4b8a9f5808542c770d4eab79b6e70483020af5f95&cover_exp=v1&link_reflow_popup_iteration_sharer={"click_empty_to_play":1,"dynamic_cover":1,"follow_to_play_duration":-1: Extracting information
ERROR: Unsupported URL: https://www.tiktok.com/@hhiroka/photo/7487232863734222123?_d=secCgYIASAHKAESPgo8VfVjkpAOW4FKfaZkYn8a8KGaEWE0rHXys0jVpHdMUuUHU68esSaQsOl3%2BPLLTU3yNBUJcmpbiubBVMr%2BGgA%3D&_r=1&_svg=1&aweme_type=150&checksum=2fc94d61aa11cdd1c64809d4b8a9f5808542c770d4eab79b6e70483020af5f95&cover_exp=v1&link_reflow_popup_iteration_sharer=%7B%22click_empty_to_play%22%3A1%2C%22dynamic_cover%22%3A1%2C%22follow_to_play_duration%22%3A-1.0%2C%22profile_clickable%22%3A1%7D&pic_cnt=6&preview_pb=0&sec_user_id=MS4wLjABAAAAWynYCXl4i0UtAzB1wcgS1jSHUB0nMtH2oRCtkFzhmfqXS_KF4E7GQJcuA_8NC9wF&share_app_id=1233&share_item_id=7487232863734222123&share_link_id=5bc35f20-8a9d-4047-8997-878ebea0fc06&share_scene=11&sharer_language=uk&social_share_type=14&source=h5_m&timestamp=1748343049&u_code=ek2d112jg7bbf4&ug_btm=b2001&ug_photo_idx=1&ugbiz_name=UNKNOWN&user_id=7497247609103614982&utm_campaign=client_share&utm_medium=android&utm_source=copy
2025/05/27 16:50:10 Намагаємось завантажити з gallery-dl TikTok URL https://vm.tiktok.com/ZMSj7Lqm8/ через помилку yt-dlp : exit status 1
2025/05/27 16:50:10 gallery-dl error (TikTok): exec: "gallery-dl": executable file not found in $PATH
Stderr: 
2025/05/27 16:50:10 Спроба 3 завантаження (TikTok) не вдалася: gallery-dl failed after yt-dlp error: gallery-dl failed for TikTok: exec: "gallery-dl": executable file not found in $PATH
2025/05/27 16:50:10 Не вдалося завантажити відео після 3 спроб (TikTok): gallery-dl failed after yt-dlp error: gallery-dl failed for TikTok: exec: "gallery-dl": executable file not found in $PATH
2025/05/27 16:50:51 yt-dlp download successful for https://www.instagram.com/reel/DJ-GDs7R4It/?igsh=dXI1ZTlvd2Z5aXhk
2025/05/27 16:50:51 Завантаження успішно завершено
